<?xml version="1.0" encoding="UTF-8"?>
<!-- Generated by org.testng.reporters.JUnitXMLReporter -->
<testsuite ignored="2" hostname="VikramSolanki" failures="0" tests="2" name="Default test" time="74.715" errors="0" timestamp="2025-04-07T02:02:41 IST">
  <testcase classname="testcases.LoginTest" name="UserLoginTest" time="3.007"/>
  <testcase classname="testcases.LoginTest" name="verifyHostAndAdventure" time="64.706"/>
  <testcase classname="testcases.LoginTest" name="RegistedLoginTest" time="0.0">
    <ignored/>
  </testcase> <!-- RegistedLoginTest -->
  <testcase classname="testcases.LoginTest" name="UserRegistrationTest" time="0.0">
    <ignored/>
  </testcase> <!-- UserRegistrationTest -->
</testsuite> <!-- Default test -->
