<?xml version="1.0" encoding="UTF-8"?>
<testsuite xmlns:xsi="http://www.w3.org/2001/XMLSchema-instance" xsi:noNamespaceSchemaLocation="https://maven.apache.org/surefire/maven-surefire-plugin/xsd/surefire-test-report-3.0.xsd" version="3.0" name="TestSuite" time="94.489" tests="4" errors="0" skipped="1" failures="1">
  <properties>
[...]
</properties>
  <testcase name="UserRegistrationTest" classname="testcases.EmbarkTestCase" time="16.285">
    <failure message="no such element: Unable to locate element: {&quot;method&quot;:&quot;xpath&quot;,&quot;selector&quot;:&quot;terms_and_conditions&quot;}&#10;  (Session info: chrome=135.0.7049.42)&#10;For documentation on this error, please visit: https://www.selenium.dev/documentation/webdriver/troubleshooting/errors#no-such-element-exception&#10;Build info: version: &apos;4.30.0&apos;, revision: &apos;509c7f17cc*&apos;&#10;System info: os.name: &apos;Windows 11&apos;, os.arch: &apos;amd64&apos;, os.version: &apos;10.0&apos;, java.version: &apos;17.0.12&apos;&#10;Driver info: org.openqa.selenium.chrome.ChromeDriver&#10;Command: [62b651e5197193a5f73f65ed2bd0fa29, findElement {using=xpath, value=terms_and_conditions}]&#10;Capabilities {acceptInsecureCerts: false, browserName: chrome, browserVersion: 135.0.7049.42, chrome: {chromedriverVersion: 135.0.7049.42 (0f351bbd2617..., userDataDir: C:\Users\VIKRAM~1\AppData\L...}, fedcm:accounts: true, goog:chromeOptions: {debuggerAddress: localhost:50841}, networkConnectionEnabled: false, pageLoadStrategy: normal, platformName: windows, proxy: Proxy(), se:cdp: ws://localhost:50841/devtoo..., se:cdpVersion: 135.0.7049.42, setWindowRect: true, strictFileInteractability: false, timeouts: {implicit: 0, pageLoad: 300000, script: 30000}, unhandledPromptBehavior: dismiss and notify, webauthn:extension:credBlob: true, webauthn:extension:largeBlob: true, webauthn:extension:minPinLength: true, webauthn:extension:prf: true, webauthn:virtualAuthenticators: true}&#10;Session ID: 62b651e5197193a5f73f65ed2bd0fa29" type="org.openqa.selenium.NoSuchElementException"><![CDATA[org.openqa.selenium.NoSuchElementException: 
no such element: Unable to locate element: {"method":"xpath","selector":"terms_and_conditions"}
  (Session info: chrome=135.0.7049.42)
For documentation on this error, please visit: https://www.selenium.dev/documentation/webdriver/troubleshooting/errors#no-such-element-exception
Build info: version: '4.30.0', revision: '509c7f17cc*'
System info: os.name: 'Windows 11', os.arch: 'amd64', os.version: '10.0', java.version: '17.0.12'
Driver info: org.openqa.selenium.chrome.ChromeDriver
Command: [62b651e5197193a5f73f65ed2bd0fa29, findElement {using=xpath, value=terms_and_conditions}]
Capabilities {acceptInsecureCerts: false, browserName: chrome, browserVersion: 135.0.7049.42, chrome: {chromedriverVersion: 135.0.7049.42 (0f351bbd2617..., userDataDir: C:\Users\VIKRAM~1\AppData\L...}, fedcm:accounts: true, goog:chromeOptions: {debuggerAddress: localhost:50841}, networkConnectionEnabled: false, pageLoadStrategy: normal, platformName: windows, proxy: Proxy(), se:cdp: ws://localhost:50841/devtoo..., se:cdpVersion: 135.0.7049.42, setWindowRect: true, strictFileInteractability: false, timeouts: {implicit: 0, pageLoad: 300000, script: 30000}, unhandledPromptBehavior: dismiss and notify, webauthn:extension:credBlob: true, webauthn:extension:largeBlob: true, webauthn:extension:minPinLength: true, webauthn:extension:prf: true, webauthn:virtualAuthenticators: true}
Session ID: 62b651e5197193a5f73f65ed2bd0fa29
	at java.base/jdk.internal.reflect.NativeConstructorAccessorImpl.newInstance0(Native Method)
	at java.base/jdk.internal.reflect.NativeConstructorAccessorImpl.newInstance(NativeConstructorAccessorImpl.java:77)
	at java.base/jdk.internal.reflect.DelegatingConstructorAccessorImpl.newInstance(DelegatingConstructorAccessorImpl.java:45)
	at java.base/java.lang.reflect.Constructor.newInstanceWithCaller(Constructor.java:499)
	at java.base/java.lang.reflect.Constructor.newInstance(Constructor.java:480)
	at org.openqa.selenium.remote.ErrorCodec.decode(ErrorCodec.java:167)
	at org.openqa.selenium.remote.codec.w3c.W3CHttpResponseCodec.decode(W3CHttpResponseCodec.java:138)
	at org.openqa.selenium.remote.codec.w3c.W3CHttpResponseCodec.decode(W3CHttpResponseCodec.java:50)
	at org.openqa.selenium.remote.HttpCommandExecutor.execute(HttpCommandExecutor.java:215)
	at org.openqa.selenium.remote.service.DriverCommandExecutor.invokeExecute(DriverCommandExecutor.java:216)
	at org.openqa.selenium.remote.service.DriverCommandExecutor.execute(DriverCommandExecutor.java:174)
	at org.openqa.selenium.remote.RemoteWebDriver.execute(RemoteWebDriver.java:545)
	at org.openqa.selenium.remote.ElementLocation$ElementFinder$2.findElement(ElementLocation.java:165)
	at org.openqa.selenium.remote.ElementLocation.findElement(ElementLocation.java:59)
	at org.openqa.selenium.remote.RemoteWebDriver.findElement(RemoteWebDriver.java:368)
	at org.openqa.selenium.remote.RemoteWebDriver.findElement(RemoteWebDriver.java:362)
	at helper.CommanHelper.selectCheckboxIfNotSelected(CommanHelper.java:94)
	at pages.RegistrationPage.userRegistering(RegistrationPage.java:68)
	at testcases.EmbarkTestCase.UserRegistrationTest(EmbarkTestCase.java:34)
	at java.base/jdk.internal.reflect.NativeMethodAccessorImpl.invoke0(Native Method)
	at java.base/jdk.internal.reflect.NativeMethodAccessorImpl.invoke(NativeMethodAccessorImpl.java:77)
	at java.base/jdk.internal.reflect.DelegatingMethodAccessorImpl.invoke(DelegatingMethodAccessorImpl.java:43)
	at java.base/java.lang.reflect.Method.invoke(Method.java:568)
	at org.testng.internal.invokers.MethodInvocationHelper.invokeMethod(MethodInvocationHelper.java:136)
	at org.testng.internal.invokers.TestInvoker.invokeMethod(TestInvoker.java:658)
	at org.testng.internal.invokers.TestInvoker.invokeTestMethod(TestInvoker.java:219)
	at org.testng.internal.invokers.MethodRunner.runInSequence(MethodRunner.java:50)
	at org.testng.internal.invokers.TestInvoker$MethodInvocationAgent.invoke(TestInvoker.java:923)
	at org.testng.internal.invokers.TestInvoker.invokeTestMethods(TestInvoker.java:192)
	at org.testng.internal.invokers.TestMethodWorker.invokeTestMethods(TestMethodWorker.java:146)
	at org.testng.internal.invokers.TestMethodWorker.run(TestMethodWorker.java:128)
	at java.base/java.util.ArrayList.forEach(ArrayList.java:1511)
	at org.testng.TestRunner.privateRun(TestRunner.java:808)
	at org.testng.TestRunner.run(TestRunner.java:603)
	at org.testng.SuiteRunner.runTest(SuiteRunner.java:429)
	at org.testng.SuiteRunner.runSequentially(SuiteRunner.java:423)
	at org.testng.SuiteRunner.privateRun(SuiteRunner.java:383)
	at org.testng.SuiteRunner.run(SuiteRunner.java:326)
	at org.testng.SuiteRunnerWorker.runSuite(SuiteRunnerWorker.java:52)
	at org.testng.SuiteRunnerWorker.run(SuiteRunnerWorker.java:95)
	at org.testng.TestNG.runSuitesSequentially(TestNG.java:1249)
	at org.testng.TestNG.runSuitesLocally(TestNG.java:1169)
	at org.testng.TestNG.runSuites(TestNG.java:1092)
	at org.testng.TestNG.run(TestNG.java:1060)
	at org.apache.maven.surefire.testng.TestNGExecutor.run(TestNGExecutor.java:155)
	at org.apache.maven.surefire.testng.TestNGDirectoryTestSuite.executeMulti(TestNGDirectoryTestSuite.java:169)
	at org.apache.maven.surefire.testng.TestNGDirectoryTestSuite.execute(TestNGDirectoryTestSuite.java:88)
	at org.apache.maven.surefire.testng.TestNGProvider.invoke(TestNGProvider.java:137)
	at org.apache.maven.surefire.booter.ForkedBooter.runSuitesInProcess(ForkedBooter.java:385)
	at org.apache.maven.surefire.booter.ForkedBooter.execute(ForkedBooter.java:162)
	at org.apache.maven.surefire.booter.ForkedBooter.run(ForkedBooter.java:507)
	at org.apache.maven.surefire.booter.ForkedBooter.main(ForkedBooter.java:495)
]]></failure>
    <system-out><![CDATA[D:\Yogesh\Java Workspace\EmbarksTddFramework
D:\Yogesh\Java Workspace\EmbarksTddFramework
D:\Yogesh\Java Workspace\EmbarksTddFramework
[Configuration] [WARN] Detected a static method [base.TestBase.close()]. Static configuration methods can cause  unexpected behavior.
[Configuration] [WARN] Detected a static method [base.TestBase.close()]. Static configuration methods can cause  unexpected behavior.
D:\Yogesh\Java Workspace\EmbarksTddFramework
2025-04-08 21:58:49 [main] INFO  EmbarkTestCase:23 - Starting User Registration test
User Registration Test
By.xpath: //a[normalize-space()='Register']
2025-04-08 21:58:49 [main] INFO  LandingPage:45 - Clicking on Register button
2025-04-08 21:58:49 [main] INFO  LandingPage:52 - Successfully navigated to Register page: https://www.embark.org/register
2025-04-08 21:58:49 [main] INFO  EmbarkTestCase:29 - Clicking on Register button
2025-04-08 21:58:49 [main] INFO  EmbarkTestCase:32 - Starting registration test
2025-04-08 21:58:49 [main] INFO  RegistrationPage:35 - Full Name is entered
2025-04-08 21:58:50 [main] INFO  RegistrationPage:41 - Username is entered
2025-04-08 21:58:50 [main] INFO  RegistrationPage:47 - Email is entered
Alias stored: email -> orion.howe@hotmail.com
2025-04-08 21:58:50 [main] INFO  RegistrationPage:54 - Password is entered
Alias stored: password -> p7hasfkk
2025-04-08 21:58:50 [main] INFO  RegistrationPage:60 - Confirm Password is entered
2025-04-08 21:58:55 [main] INFO  RegistrationPage:65 - Location is selected
]]></system-out>
    <system-err><![CDATA[Apr 08, 2025 9:58:39 PM org.openqa.selenium.devtools.CdpVersionFinder findNearestMatch
WARNING: Unable to find an exact match for CDP version 135, returning the closest version; found: 134; Please update to a Selenium version that supports CDP version 135
Apr 08, 2025 9:58:39 PM base.TestBase setUp
INFO: Launching chrome browser
Apr 08, 2025 9:58:48 PM base.TestBase setUp
INFO: Navigating to https://www.embark.org/
]]></system-err>
  </testcase>
  <testcase name="RegistedLoginTest" classname="testcases.EmbarkTestCase" time="0.0">
    <skipped message="Method EmbarkTestCase.RegistedLoginTest()[pri:0, instance:testcases.EmbarkTestCase@6cf633eb] depends on not successfully finished methods"/>
  </testcase>
  <testcase name="UserLoginTest" classname="testcases.EmbarkTestCase" time="2.559">
    <system-out><![CDATA[2025-04-08 21:59:06 [main] INFO  EmbarkTestCase:65 - Starting User Login test
2025-04-08 21:59:06 [main] INFO  LandingPage:29 - Clicking on Login button
2025-04-08 21:59:06 [main] INFO  LandingPage:37 - Successfully navigated to Login page: https://www.embark.org/login
2025-04-08 21:59:06 [main] INFO  EmbarkTestCase:69 - Clicking on Login button
2025-04-08 21:59:06 [main] INFO  EmbarkTestCase:72 - Redirected to login page
2025-04-08 21:59:06 [main] INFO  LoginPage:28 - Username is entered
2025-04-08 21:59:07 [main] INFO  LoginPage:31 - Password is entered
2025-04-08 21:59:07 [main] INFO  LoginPage:34 - Login button is clicked
2025-04-08 21:59:07 [main] INFO  EmbarkTestCase:75 - Logging in with email and password
]]></system-out>
  </testcase>
  <testcase name="verifyHostAndAdventure" classname="testcases.EmbarkTestCase" time="60.354">
    <system-out><![CDATA[2025-04-08 21:59:09 [main] INFO  EmbarkTestCase:83 - Starting Host and Adventure test
2025-04-08 21:59:09 [main] INFO  HomePage:27 - Clicking on Host an Adventure link
2025-04-08 21:59:09 [main] INFO  EmbarkTestCase:87 - Clicking on Host an Adventure
2025-04-08 21:59:09 [main] INFO  EmbarkTestCase:90 - Starting Host and Adventure test
2025-04-08 21:59:09 [main] INFO  HostAndAdventurePage:33 - Host an Adventure header is displayed
2025-04-08 21:59:12 [main] INFO  HostAndAdventurePage:38 - Category is selected
2025-04-08 21:59:14 [main] INFO  HostAndAdventurePage:43 - Difficulty is selected
2025-04-08 21:59:20 [main] INFO  HostAndAdventurePage:49 - City is selected
2025-04-08 21:59:23 [main] INFO  HostAndAdventurePage:56 - Clicking on Next button
2025-04-08 21:59:24 [main] INFO  HostAndAdventurePage:62 - Minimum group size error is displayed
2025-04-08 21:59:24 [main] INFO  HostAndAdventurePage:66 - Minimum group size error is displayed
2025-04-08 21:59:24 [main] INFO  HostAndAdventurePage:72 - Minimum group size is entered
2025-04-08 21:59:24 [main] INFO  HostAndAdventurePage:78 - Maximum group size is entered
2025-04-08 21:59:25 [main] INFO  HostAndAdventurePage:82 - Clicking on Next button
2025-04-08 21:59:27 [main] INFO  HostAndAdventurePage:85 - Waiting for new tab to load....
2025-04-08 21:59:27 [main] INFO  EmbarkTestCase:95 - Starting Host and Adventure test
2025-04-08 21:59:30 [main] INFO  HostAndAdventurePageDetails:49 - Title is entered
2025-04-08 21:59:32 [main] INFO  HostAndAdventurePageDetails:54 - Difficulty is selected
2025-04-08 21:59:32 [main] INFO  HostAndAdventurePageDetails:60 - Summary is entered
2025-04-08 21:59:32 [main] INFO  HostAndAdventurePageDetails:65 - Included is entered
2025-04-08 21:59:32 [main] INFO  HostAndAdventurePageDetails:71 - Not included is entered
2025-04-08 21:59:32 [main] INFO  HostAndAdventurePageDetails:76 - Clicking on Save button
2025-04-08 21:59:39 [main] INFO  HostAndAdventurePageDetails:82 - City is selected
2025-04-08 21:59:39 [main] INFO  HostAndAdventurePageDetails:87 - Clicking on Save button
D:\Yogesh\Java Workspace\EmbarksTddFramework
2025-04-08 21:59:40 [main] INFO  HostAndAdventurePageDetails:94 - Clicking on Save button
2025-04-08 21:59:43 [main] INFO  HostAndAdventurePageDetails:101 - Duration is entered
2025-04-08 21:59:45 [main] INFO  HostAndAdventurePageDetails:107 - Days and Time is selected
2025-04-08 21:59:45 [main] INFO  HostAndAdventurePageDetails:128 - Price is entered
2025-04-08 21:59:47 [main] INFO  HostAndAdventurePageDetails:134 - City is selected
2025-04-08 21:59:49 [main] INFO  HostAndAdventurePageDetails:140 - Group is selected
2025-04-08 21:59:49 [main] INFO  HostAndAdventurePageDetails:146 - Availability is entered
2025-04-08 21:59:50 [main] INFO  HostAndAdventurePageDetails:152 - What qualifies you to give this tour? is entered
2025-04-08 21:59:50 [main] INFO  HostAndAdventurePageDetails:158 - Additional info is entered
2025-04-08 21:59:50 [main] INFO  HostAndAdventurePageDetails:164 - Cancellation is entered
2025-04-08 21:59:50 [main] INFO  HostAndAdventurePageDetails:169 - Clicking on Save button
2025-04-08 21:59:55 [main] INFO  HostAndAdventurePageDetails:175 - Meetup Location is selected
2025-04-08 21:59:55 [main] INFO  HostAndAdventurePageDetails:181 - Itinerary is entered
2025-04-08 21:59:55 [main] INFO  HostAndAdventurePageDetails:186 - Clicking on Save button
2025-04-08 22:00:04 [main] INFO  HostAndAdventurePageDetails:193 - Clicking on View Tour button
2025-04-08 22:00:07 [main] INFO  HostAndAdventurePageDetails:197 - Waiting for new window to open
2025-04-08 22:00:07 [main] INFO  CommanHelper:136 - Switched to window at index: 1 | URL: https://www.embark.org/tours/summar-fun-54
2025-04-08 22:00:07 [main] INFO  HostAndAdventurePageDetails:200 - Switching to new window
2025-04-08 22:00:07 [main] INFO  HostAndAdventurePageDetails:205 - Clicking on Save to Wishlist button
2025-04-08 22:00:07 [main] INFO  HostAndAdventurePageDetails:209 - Closing the new Opened window
2025-04-08 22:00:07 [main] INFO  CommanHelper:136 - Switched to window at index: 0 | URL: https://www.embark.org/tours/edit/7122/itinerary
2025-04-08 22:00:07 [main] INFO  HostAndAdventurePageDetails:213 - Switching back to the original window
2025-04-08 22:00:07 [main] INFO  HomePage:47 - Clicking on Logo link
2025-04-08 22:00:07 [main] INFO  EmbarkTestCase:100 - Clicking on Logo
2025-04-08 22:00:07 [main] INFO  HomePage:34 - Clicking on UserName link
2025-04-08 22:00:09 [main] INFO  HomePage:38 - Clicking on Logout link
2025-04-08 22:00:09 [main] INFO  HomePage:41 - Logout link clicked
2025-04-08 22:00:09 [main] INFO  EmbarkTestCase:103 - Clicking on Logout
]]></system-out>
  </testcase>
</testsuite>