<?xml version="1.0" encoding="UTF-8"?>
<testng-results ignored="2" total="4" passed="2" failed="0" skipped="0">
  <reporter-output>
  </reporter-output>
  <suite started-at="2025-04-07T01:36:46 IST" name="Default suite" finished-at="2025-04-07T01:37:56 IST" duration-ms="69524">
    <groups>
    </groups>
    <test started-at="2025-04-07T01:36:46 IST" name="Default test" finished-at="2025-04-07T01:37:56 IST" duration-ms="69524">
      <class name="testcases.LoginTest">
        <test-method is-config="true" signature="setUp()[pri:0, instance:testcases.LoginTest@30f4b1a6]" started-at="2025-04-07T01:36:27 IST" name="setUp" finished-at="2025-04-07T01:36:46 IST" duration-ms="19051" status="PASS">
          <reporter-output>
          </reporter-output>
        </test-method> <!-- setUp -->
        <test-method signature="UserLoginTest()[pri:1, instance:testcases.LoginTest@30f4b1a6]" started-at="2025-04-07T01:36:50 IST" name="UserLoginTest" finished-at="2025-04-07T01:36:53 IST" duration-ms="3467" status="PASS">
          <reporter-output>
          </reporter-output>
        </test-method> <!-- UserLoginTest -->
        <test-method signature="verifyHostAndAdventure()[pri:2, instance:testcases.LoginTest@30f4b1a6]" started-at="2025-04-07T01:36:54 IST" name="verifyHostAndAdventure" finished-at="2025-04-07T01:37:53 IST" duration-ms="58543" status="PASS">
          <reporter-output>
          </reporter-output>
        </test-method> <!-- verifyHostAndAdventure -->
        <test-method is-config="true" signature="close()[pri:0, instance:testcases.LoginTest@30f4b1a6]" started-at="2025-04-07T01:37:54 IST" name="close" finished-at="2025-04-07T01:37:56 IST" duration-ms="1495" status="PASS">
          <reporter-output>
          </reporter-output>
        </test-method> <!-- close -->
      </class> <!-- testcases.LoginTest -->
    </test> <!-- Default test -->
  </suite> <!-- Default suite -->
</testng-results>
